Using pre-set license
Built from '2020.3/staging' branch; Version is '2020.3.21f1 (a38c86f6690f) revision 10718342'; Using compiler version '192528614'; Build Type 'Release'
OS: 'Windows 10 Pro; OS build 19043.1889; Version 2009; 64bit' Language: 'en' Physical Memory: 8021 MB
BatchMode: 1, IsHumanControllingUs: 0, StartBugReporterOnCrash: 0, Is64bit: 1, IsPro: 0

COMMAND LINE ARGUMENTS:
C:\Program Files\Unity\Hub\Editor\2020.3.21f1\Editor\Unity.exe
-adb2
-batchMode
-noUpm
-name
AssetImportWorker0
-projectPath
D:/DACN/Ver2020/Chess3D
-logFile
Logs/AssetImportWorker0.log
-srvPort
60360
Successfully changed project path to: D:/DACN/Ver2020/Chess3D
D:/DACN/Ver2020/Chess3D
Using Asset Import Pipeline V2.
Refreshing native plugins compatible for Editor in 27.43 ms, found 2 plugins.
Preloading 0 native plugins for Editor in 0.00 ms.
Initialize engine version: 2020.3.21f1 (a38c86f6690f)
[Subsystems] Discovering subsystems at path C:/Program Files/Unity/Hub/Editor/2020.3.21f1/Editor/Data/Resources/UnitySubsystems
[Subsystems] Discovering subsystems at path D:/DACN/Ver2020/Chess3D/Assets
GfxDevice: creating device client; threaded=0
Direct3D:
    Version:  Direct3D 11.0 [level 11.1]
    Renderer: Intel(R) UHD Graphics 630 (ID=0x9bc8)
    Vendor:   
    VRAM:     4010 MB
    Driver:   30.0.101.1273
Initialize mono
Mono path[0] = 'C:/Program Files/Unity/Hub/Editor/2020.3.21f1/Editor/Data/Managed'
Mono path[1] = 'C:/Program Files/Unity/Hub/Editor/2020.3.21f1/Editor/Data/MonoBleedingEdge/lib/mono/unityjit'
Mono config path = 'C:/Program Files/Unity/Hub/Editor/2020.3.21f1/Editor/Data/MonoBleedingEdge/etc'
Using monoOptions --debugger-agent=transport=dt_socket,embedding=1,server=y,suspend=n,address=127.0.0.1:56376
Begin MonoManager ReloadAssembly
Registering precompiled unity dll's ...
Register platform support module: C:/Program Files/Unity/Hub/Editor/2020.3.21f1/Editor/Data/PlaybackEngines/WindowsStandaloneSupport/UnityEditor.WindowsStandalone.Extensions.dll
Registered in 0.001400 seconds.
Native extension for WindowsStandalone target not found
Refreshing native plugins compatible for Editor in 27.67 ms, found 2 plugins.
Preloading 0 native plugins for Editor in 0.00 ms.
Mono: successfully reloaded assembly
- Completed reload, in  0.898 seconds
Domain Reload Profiling:
	ReloadAssembly (898ms)
		BeginReloadAssembly (45ms)
			ExecutionOrderSort (0ms)
			DisableScriptedObjects (0ms)
			BackupInstance (0ms)
			ReleaseScriptingObjects (0ms)
			CreateAndSetChildDomain (1ms)
		EndReloadAssembly (389ms)
			LoadAssemblies (44ms)
			RebuildTransferFunctionScriptingTraits (0ms)
			SetupTypeCache (137ms)
			ReleaseScriptCaches (0ms)
			RebuildScriptCaches (27ms)
			SetupLoadedEditorAssemblies (141ms)
				LogAssemblyErrors (0ms)
				InitializePlatformSupportModulesInManaged (3ms)
				SetLoadedEditorAssemblies (0ms)
				RefreshPlugins (28ms)
				BeforeProcessingInitializeOnLoad (15ms)
				ProcessInitializeOnLoadAttributes (70ms)
				ProcessInitializeOnLoadMethodAttributes (25ms)
				AfterProcessingInitializeOnLoad (0ms)
				EditorAssembliesLoaded (0ms)
			ExecutionOrderSort2 (0ms)
			AwakeInstancesAfterBackupRestoration (0ms)
Platform modules already initialized, skipping
Registering precompiled user dll's ...
Registered in 0.002115 seconds.
Begin MonoManager ReloadAssembly
Native extension for WindowsStandalone target not found
Refreshing native plugins compatible for Editor in 0.34 ms, found 2 plugins.
Preloading 0 native plugins for Editor in 0.00 ms.
Mono: successfully reloaded assembly
- Completed reload, in  0.872 seconds
Domain Reload Profiling:
	ReloadAssembly (872ms)
		BeginReloadAssembly (122ms)
			ExecutionOrderSort (0ms)
			DisableScriptedObjects (4ms)
			BackupInstance (0ms)
			ReleaseScriptingObjects (0ms)
			CreateAndSetChildDomain (16ms)
		EndReloadAssembly (698ms)
			LoadAssemblies (71ms)
			RebuildTransferFunctionScriptingTraits (0ms)
			SetupTypeCache (248ms)
			ReleaseScriptCaches (0ms)
			RebuildScriptCaches (38ms)
			SetupLoadedEditorAssemblies (259ms)
				LogAssemblyErrors (0ms)
				InitializePlatformSupportModulesInManaged (4ms)
				SetLoadedEditorAssemblies (0ms)
				RefreshPlugins (0ms)
				BeforeProcessingInitializeOnLoad (67ms)
				ProcessInitializeOnLoadAttributes (174ms)
				ProcessInitializeOnLoadMethodAttributes (7ms)
				AfterProcessingInitializeOnLoad (5ms)
				EditorAssembliesLoaded (0ms)
			ExecutionOrderSort2 (0ms)
			AwakeInstancesAfterBackupRestoration (6ms)
Platform modules already initialized, skipping
========================================================================
Worker process is ready to serve import requests
Launched and connected shader compiler UnityShaderCompiler.exe after 0.03 seconds
Refreshing native plugins compatible for Editor in 0.32 ms, found 2 plugins.
Preloading 0 native plugins for Editor in 0.00 ms.
Unloading 1535 Unused Serialized files (Serialized files now loaded: 0)
System memory in use before: 69.5 MB.
System memory in use after: 69.6 MB.

Unloading 19 unused Assets to reduce memory usage. Loaded Objects now: 1968.
Total: 3.012100 ms (FindLiveObjects: 0.150500 ms CreateObjectMapping: 0.040400 ms MarkObjects: 2.769700 ms  DeleteObjects: 0.050700 ms)

AssetImportParameters requested are different than current active one (requested -> active):
  custom:framework-win-MediaFoundation: 216162199b28c13a410421893ffa2e32 -> 
  custom:video-decoder-ogg-theora: a1e56fd34408186e4bbccfd4996cb3dc -> 
  custom:container-muxer-webm: aa71ff27fc2769a1b78a27578f13a17b -> 
  custom:container-demuxer-webm: 4f35f7cbe854078d1ac9338744f61a02 -> 
  custom:container-demuxer-ogg: 62fdf1f143b41e24485cea50d1cbac27 -> 
  custom:video-encoder-webm-vp8: eb34c28f22e8b96e1ab97ce403110664 -> 
  custom:video-decoder-webm-vp8: 9c59270c3fd7afecdb556c50c9e8de78 -> 
  custom:audio-decoder-ogg-vorbis: bf7c407c2cedff20999df2af8eb42d56 -> 
  custom:audio-encoder-webm-vorbis: bf7c407c2cedff20999df2af8eb42d56 -> 
========================================================================
Received Import Request.
  path: Assets/Scenes/Main Menu.unity
  artifactKey: Guid(24ee742a859af2547ad0e35088fdfa90) Importer(815301076,1909f56bfc062723c751e8b465ee728b)
Start importing Assets/Scenes/Main Menu.unity using Guid(24ee742a859af2547ad0e35088fdfa90) Importer(815301076,1909f56bfc062723c751e8b465ee728b)  -> (artifact id: 'acb29778933ba3d7194d8640be7374c3') in 0.009344 seconds 
  Import took 0.011482 seconds .

========================================================================
Received Import Request.
  Time since last request: 437.108190 seconds.
  path: Assets/Images/Exit.png
  artifactKey: Guid(07c8c88de8ba81a4c994c449e42441fb) Importer(815301076,1909f56bfc062723c751e8b465ee728b)
Start importing Assets/Images/Exit.png using Guid(07c8c88de8ba81a4c994c449e42441fb) Importer(815301076,1909f56bfc062723c751e8b465ee728b)  -> (artifact id: 'e7603e75155e36fa7ecd77b291b57ad8') in 0.044086 seconds 
  Import took 0.047771 seconds .

========================================================================
Received Import Request.
  Time since last request: 0.000239 seconds.
  path: Assets/Images/setting.png
  artifactKey: Guid(f06e8baaf3734a747be374f12782737a) Importer(815301076,1909f56bfc062723c751e8b465ee728b)
Start importing Assets/Images/setting.png using Guid(f06e8baaf3734a747be374f12782737a) Importer(815301076,1909f56bfc062723c751e8b465ee728b)  -> (artifact id: '2e7fccace506a4f424d3e453fae4f774') in 0.009672 seconds 
  Import took 0.011779 seconds .

========================================================================
Received Import Request.
  Time since last request: 5.354132 seconds.
  path: Assets/Images/Exit.png
  artifactKey: Guid(07c8c88de8ba81a4c994c449e42441fb) Importer(815301076,1909f56bfc062723c751e8b465ee728b)
Start importing Assets/Images/Exit.png using Guid(07c8c88de8ba81a4c994c449e42441fb) Importer(815301076,1909f56bfc062723c751e8b465ee728b)  -> (artifact id: '708c999aa7c72b9171047c5c9f9c1a65') in 0.045188 seconds 
  Import took 0.048462 seconds .

========================================================================
Received Import Request.
  Time since last request: 4.103135 seconds.
  path: Assets/Images/setting.png
  artifactKey: Guid(f06e8baaf3734a747be374f12782737a) Importer(815301076,1909f56bfc062723c751e8b465ee728b)
Start importing Assets/Images/setting.png using Guid(f06e8baaf3734a747be374f12782737a) Importer(815301076,1909f56bfc062723c751e8b465ee728b)  -> (artifact id: '1f2e37a40c94ab5c9c16c396973bcdf2') in 0.015102 seconds 
  Import took 0.018308 seconds .

========================================================================
Received Prepare
Registering precompiled user dll's ...
Registered in 0.002253 seconds.
Begin MonoManager ReloadAssembly
Native extension for WindowsStandalone target not found
Refreshing native plugins compatible for Editor in 0.78 ms, found 2 plugins.
Preloading 0 native plugins for Editor in 0.00 ms.
Mono: successfully reloaded assembly
- Completed reload, in  1.367 seconds
Domain Reload Profiling:
	ReloadAssembly (1368ms)
		BeginReloadAssembly (192ms)
			ExecutionOrderSort (0ms)
			DisableScriptedObjects (6ms)
			BackupInstance (0ms)
			ReleaseScriptingObjects (0ms)
			CreateAndSetChildDomain (76ms)
		EndReloadAssembly (1084ms)
			LoadAssemblies (127ms)
			RebuildTransferFunctionScriptingTraits (0ms)
			SetupTypeCache (453ms)
			ReleaseScriptCaches (1ms)
			RebuildScriptCaches (54ms)
			SetupLoadedEditorAssemblies (319ms)
				LogAssemblyErrors (0ms)
				InitializePlatformSupportModulesInManaged (5ms)
				SetLoadedEditorAssemblies (1ms)
				RefreshPlugins (1ms)
				BeforeProcessingInitializeOnLoad (113ms)
				ProcessInitializeOnLoadAttributes (188ms)
				ProcessInitializeOnLoadMethodAttributes (7ms)
				AfterProcessingInitializeOnLoad (5ms)
				EditorAssembliesLoaded (0ms)
			ExecutionOrderSort2 (0ms)
			AwakeInstancesAfterBackupRestoration (6ms)
Platform modules already initialized, skipping
Refreshing native plugins compatible for Editor in 0.31 ms, found 2 plugins.
Preloading 0 native plugins for Editor in 0.00 ms.
Unloading 1529 Unused Serialized files (Serialized files now loaded: 0)
System memory in use before: 72.4 MB.
System memory in use after: 72.5 MB.

Unloading 14 unused Assets to reduce memory usage. Loaded Objects now: 1979.
Total: 2.647300 ms (FindLiveObjects: 0.135700 ms CreateObjectMapping: 0.039400 ms MarkObjects: 2.455000 ms  DeleteObjects: 0.016400 ms)

AssetImportParameters requested are different than current active one (requested -> active):
  custom:framework-win-MediaFoundation: 216162199b28c13a410421893ffa2e32 -> 
  custom:video-decoder-ogg-theora: a1e56fd34408186e4bbccfd4996cb3dc -> 
  custom:container-muxer-webm: aa71ff27fc2769a1b78a27578f13a17b -> 
  custom:container-demuxer-webm: 4f35f7cbe854078d1ac9338744f61a02 -> 
  custom:container-demuxer-ogg: 62fdf1f143b41e24485cea50d1cbac27 -> 
  custom:video-encoder-webm-vp8: eb34c28f22e8b96e1ab97ce403110664 -> 
  custom:video-decoder-webm-vp8: 9c59270c3fd7afecdb556c50c9e8de78 -> 
  custom:audio-decoder-ogg-vorbis: bf7c407c2cedff20999df2af8eb42d56 -> 
  custom:audio-encoder-webm-vorbis: bf7c407c2cedff20999df2af8eb42d56 -> 
========================================================================
Received Prepare
Refreshing native plugins compatible for Editor in 2.24 ms, found 2 plugins.
Preloading 0 native plugins for Editor in 0.00 ms.
Unloading 12 Unused Serialized files (Serialized files now loaded: 0)
System memory in use before: 42.4 MB.
System memory in use after: 42.5 MB.

Unloading 12 unused Assets to reduce memory usage. Loaded Objects now: 1979.
Total: 4.961500 ms (FindLiveObjects: 0.488600 ms CreateObjectMapping: 0.176400 ms MarkObjects: 4.280400 ms  DeleteObjects: 0.015100 ms)

AssetImportParameters requested are different than current active one (requested -> active):
  custom:framework-win-MediaFoundation: 216162199b28c13a410421893ffa2e32 -> 
  custom:video-decoder-ogg-theora: a1e56fd34408186e4bbccfd4996cb3dc -> 
  custom:container-muxer-webm: aa71ff27fc2769a1b78a27578f13a17b -> 
  custom:container-demuxer-webm: 4f35f7cbe854078d1ac9338744f61a02 -> 
  custom:container-demuxer-ogg: 62fdf1f143b41e24485cea50d1cbac27 -> 
  custom:video-encoder-webm-vp8: eb34c28f22e8b96e1ab97ce403110664 -> 
  custom:video-decoder-webm-vp8: 9c59270c3fd7afecdb556c50c9e8de78 -> 
  custom:audio-decoder-ogg-vorbis: bf7c407c2cedff20999df2af8eb42d56 -> 
  custom:audio-encoder-webm-vorbis: bf7c407c2cedff20999df2af8eb42d56 -> 
========================================================================
Received Prepare
Registering precompiled user dll's ...
Registered in 0.003765 seconds.
Begin MonoManager ReloadAssembly
Native extension for WindowsStandalone target not found
Refreshing native plugins compatible for Editor in 0.44 ms, found 2 plugins.
Preloading 0 native plugins for Editor in 0.00 ms.
Mono: successfully reloaded assembly
- Completed reload, in  0.898 seconds
Domain Reload Profiling:
	ReloadAssembly (898ms)
		BeginReloadAssembly (115ms)
			ExecutionOrderSort (0ms)
			DisableScriptedObjects (4ms)
			BackupInstance (0ms)
			ReleaseScriptingObjects (0ms)
			CreateAndSetChildDomain (36ms)
		EndReloadAssembly (728ms)
			LoadAssemblies (78ms)
			RebuildTransferFunctionScriptingTraits (0ms)
			SetupTypeCache (257ms)
			ReleaseScriptCaches (1ms)
			RebuildScriptCaches (42ms)
			SetupLoadedEditorAssemblies (273ms)
				LogAssemblyErrors (0ms)
				InitializePlatformSupportModulesInManaged (4ms)
				SetLoadedEditorAssemblies (0ms)
				RefreshPlugins (0ms)
				BeforeProcessingInitializeOnLoad (61ms)
				ProcessInitializeOnLoadAttributes (194ms)
				ProcessInitializeOnLoadMethodAttributes (8ms)
				AfterProcessingInitializeOnLoad (5ms)
				EditorAssembliesLoaded (0ms)
			ExecutionOrderSort2 (0ms)
			AwakeInstancesAfterBackupRestoration (6ms)
Platform modules already initialized, skipping
Refreshing native plugins compatible for Editor in 0.37 ms, found 2 plugins.
Preloading 0 native plugins for Editor in 0.00 ms.
Unloading 1529 Unused Serialized files (Serialized files now loaded: 0)
System memory in use before: 72.4 MB.
System memory in use after: 72.5 MB.

Unloading 14 unused Assets to reduce memory usage. Loaded Objects now: 1981.
Total: 2.682000 ms (FindLiveObjects: 0.147700 ms CreateObjectMapping: 0.041400 ms MarkObjects: 2.476600 ms  DeleteObjects: 0.015200 ms)

AssetImportParameters requested are different than current active one (requested -> active):
  custom:framework-win-MediaFoundation: 216162199b28c13a410421893ffa2e32 -> 
  custom:video-decoder-ogg-theora: a1e56fd34408186e4bbccfd4996cb3dc -> 
  custom:container-muxer-webm: aa71ff27fc2769a1b78a27578f13a17b -> 
  custom:container-demuxer-webm: 4f35f7cbe854078d1ac9338744f61a02 -> 
  custom:container-demuxer-ogg: 62fdf1f143b41e24485cea50d1cbac27 -> 
  custom:video-encoder-webm-vp8: eb34c28f22e8b96e1ab97ce403110664 -> 
  custom:video-decoder-webm-vp8: 9c59270c3fd7afecdb556c50c9e8de78 -> 
  custom:audio-decoder-ogg-vorbis: bf7c407c2cedff20999df2af8eb42d56 -> 
  custom:audio-encoder-webm-vorbis: bf7c407c2cedff20999df2af8eb42d56 -> 
========================================================================
Received Prepare
Registering precompiled user dll's ...
Registered in 0.005974 seconds.
Begin MonoManager ReloadAssembly
Native extension for WindowsStandalone target not found
Refreshing native plugins compatible for Editor in 0.37 ms, found 2 plugins.
Preloading 0 native plugins for Editor in 0.00 ms.
Mono: successfully reloaded assembly
- Completed reload, in  0.899 seconds
Domain Reload Profiling:
	ReloadAssembly (899ms)
		BeginReloadAssembly (102ms)
			ExecutionOrderSort (0ms)
			DisableScriptedObjects (4ms)
			BackupInstance (0ms)
			ReleaseScriptingObjects (0ms)
			CreateAndSetChildDomain (29ms)
		EndReloadAssembly (744ms)
			LoadAssemblies (70ms)
			RebuildTransferFunctionScriptingTraits (0ms)
			SetupTypeCache (240ms)
			ReleaseScriptCaches (1ms)
			RebuildScriptCaches (34ms)
			SetupLoadedEditorAssemblies (299ms)
				LogAssemblyErrors (0ms)
				InitializePlatformSupportModulesInManaged (6ms)
				SetLoadedEditorAssemblies (1ms)
				RefreshPlugins (0ms)
				BeforeProcessingInitializeOnLoad (78ms)
				ProcessInitializeOnLoadAttributes (202ms)
				ProcessInitializeOnLoadMethodAttributes (7ms)
				AfterProcessingInitializeOnLoad (5ms)
				EditorAssembliesLoaded (0ms)
			ExecutionOrderSort2 (0ms)
			AwakeInstancesAfterBackupRestoration (6ms)
Platform modules already initialized, skipping
Refreshing native plugins compatible for Editor in 0.34 ms, found 2 plugins.
Preloading 0 native plugins for Editor in 0.00 ms.
Unloading 1529 Unused Serialized files (Serialized files now loaded: 0)
System memory in use before: 72.5 MB.
System memory in use after: 72.6 MB.

Unloading 14 unused Assets to reduce memory usage. Loaded Objects now: 1983.
Total: 3.007900 ms (FindLiveObjects: 0.192900 ms CreateObjectMapping: 0.052100 ms MarkObjects: 2.745500 ms  DeleteObjects: 0.016500 ms)

AssetImportParameters requested are different than current active one (requested -> active):
  custom:framework-win-MediaFoundation: 216162199b28c13a410421893ffa2e32 -> 
  custom:video-decoder-ogg-theora: a1e56fd34408186e4bbccfd4996cb3dc -> 
  custom:container-muxer-webm: aa71ff27fc2769a1b78a27578f13a17b -> 
  custom:container-demuxer-webm: 4f35f7cbe854078d1ac9338744f61a02 -> 
  custom:container-demuxer-ogg: 62fdf1f143b41e24485cea50d1cbac27 -> 
  custom:video-encoder-webm-vp8: eb34c28f22e8b96e1ab97ce403110664 -> 
  custom:video-decoder-webm-vp8: 9c59270c3fd7afecdb556c50c9e8de78 -> 
  custom:audio-decoder-ogg-vorbis: bf7c407c2cedff20999df2af8eb42d56 -> 
  custom:audio-encoder-webm-vorbis: bf7c407c2cedff20999df2af8eb42d56 -> 
========================================================================
Received Prepare
Registering precompiled user dll's ...
Registered in 0.002045 seconds.
Begin MonoManager ReloadAssembly
Native extension for WindowsStandalone target not found
Refreshing native plugins compatible for Editor in 0.33 ms, found 2 plugins.
Preloading 0 native plugins for Editor in 0.00 ms.
Mono: successfully reloaded assembly
- Completed reload, in  0.886 seconds
Domain Reload Profiling:
	ReloadAssembly (886ms)
		BeginReloadAssembly (111ms)
			ExecutionOrderSort (0ms)
			DisableScriptedObjects (4ms)
			BackupInstance (0ms)
			ReleaseScriptingObjects (0ms)
			CreateAndSetChildDomain (35ms)
		EndReloadAssembly (722ms)
			LoadAssemblies (70ms)
			RebuildTransferFunctionScriptingTraits (0ms)
			SetupTypeCache (253ms)
			ReleaseScriptCaches (1ms)
			RebuildScriptCaches (33ms)
			SetupLoadedEditorAssemblies (264ms)
				LogAssemblyErrors (0ms)
				InitializePlatformSupportModulesInManaged (4ms)
				SetLoadedEditorAssemblies (0ms)
				RefreshPlugins (0ms)
				BeforeProcessingInitializeOnLoad (65ms)
				ProcessInitializeOnLoadAttributes (182ms)
				ProcessInitializeOnLoadMethodAttributes (7ms)
				AfterProcessingInitializeOnLoad (5ms)
				EditorAssembliesLoaded (0ms)
			ExecutionOrderSort2 (0ms)
			AwakeInstancesAfterBackupRestoration (6ms)
Platform modules already initialized, skipping
Refreshing native plugins compatible for Editor in 0.33 ms, found 2 plugins.
Preloading 0 native plugins for Editor in 0.00 ms.
Unloading 1529 Unused Serialized files (Serialized files now loaded: 0)
System memory in use before: 72.5 MB.
System memory in use after: 72.6 MB.

Unloading 14 unused Assets to reduce memory usage. Loaded Objects now: 1985.
Total: 2.698200 ms (FindLiveObjects: 0.164400 ms CreateObjectMapping: 0.045100 ms MarkObjects: 2.471800 ms  DeleteObjects: 0.016100 ms)

AssetImportParameters requested are different than current active one (requested -> active):
  custom:framework-win-MediaFoundation: 216162199b28c13a410421893ffa2e32 -> 
  custom:video-decoder-ogg-theora: a1e56fd34408186e4bbccfd4996cb3dc -> 
  custom:container-muxer-webm: aa71ff27fc2769a1b78a27578f13a17b -> 
  custom:container-demuxer-webm: 4f35f7cbe854078d1ac9338744f61a02 -> 
  custom:container-demuxer-ogg: 62fdf1f143b41e24485cea50d1cbac27 -> 
  custom:video-encoder-webm-vp8: eb34c28f22e8b96e1ab97ce403110664 -> 
  custom:video-decoder-webm-vp8: 9c59270c3fd7afecdb556c50c9e8de78 -> 
  custom:audio-decoder-ogg-vorbis: bf7c407c2cedff20999df2af8eb42d56 -> 
  custom:audio-encoder-webm-vorbis: bf7c407c2cedff20999df2af8eb42d56 -> 
========================================================================
Received Prepare
Registering precompiled user dll's ...
Registered in 0.002389 seconds.
Begin MonoManager ReloadAssembly
Native extension for WindowsStandalone target not found
Refreshing native plugins compatible for Editor in 0.39 ms, found 2 plugins.
Preloading 0 native plugins for Editor in 0.00 ms.
Mono: successfully reloaded assembly
- Completed reload, in  0.829 seconds
Domain Reload Profiling:
	ReloadAssembly (829ms)
		BeginReloadAssembly (93ms)
			ExecutionOrderSort (0ms)
			DisableScriptedObjects (4ms)
			BackupInstance (0ms)
			ReleaseScriptingObjects (0ms)
			CreateAndSetChildDomain (31ms)
		EndReloadAssembly (682ms)
			LoadAssemblies (70ms)
			RebuildTransferFunctionScriptingTraits (0ms)
			SetupTypeCache (236ms)
			ReleaseScriptCaches (1ms)
			RebuildScriptCaches (36ms)
			SetupLoadedEditorAssemblies (250ms)
				LogAssemblyErrors (0ms)
				InitializePlatformSupportModulesInManaged (4ms)
				SetLoadedEditorAssemblies (0ms)
				RefreshPlugins (0ms)
				BeforeProcessingInitializeOnLoad (66ms)
				ProcessInitializeOnLoadAttributes (166ms)
				ProcessInitializeOnLoadMethodAttributes (7ms)
				AfterProcessingInitializeOnLoad (5ms)
				EditorAssembliesLoaded (0ms)
			ExecutionOrderSort2 (0ms)
			AwakeInstancesAfterBackupRestoration (6ms)
Platform modules already initialized, skipping
Refreshing native plugins compatible for Editor in 0.45 ms, found 2 plugins.
Preloading 0 native plugins for Editor in 0.00 ms.
Unloading 1529 Unused Serialized files (Serialized files now loaded: 0)
System memory in use before: 72.5 MB.
System memory in use after: 72.6 MB.

Unloading 14 unused Assets to reduce memory usage. Loaded Objects now: 1987.
Total: 2.619600 ms (FindLiveObjects: 0.176600 ms CreateObjectMapping: 0.059700 ms MarkObjects: 2.365400 ms  DeleteObjects: 0.017000 ms)

AssetImportParameters requested are different than current active one (requested -> active):
  custom:framework-win-MediaFoundation: 216162199b28c13a410421893ffa2e32 -> 
  custom:video-decoder-ogg-theora: a1e56fd34408186e4bbccfd4996cb3dc -> 
  custom:container-muxer-webm: aa71ff27fc2769a1b78a27578f13a17b -> 
  custom:container-demuxer-webm: 4f35f7cbe854078d1ac9338744f61a02 -> 
  custom:container-demuxer-ogg: 62fdf1f143b41e24485cea50d1cbac27 -> 
  custom:video-encoder-webm-vp8: eb34c28f22e8b96e1ab97ce403110664 -> 
  custom:video-decoder-webm-vp8: 9c59270c3fd7afecdb556c50c9e8de78 -> 
  custom:audio-decoder-ogg-vorbis: bf7c407c2cedff20999df2af8eb42d56 -> 
  custom:audio-encoder-webm-vorbis: bf7c407c2cedff20999df2af8eb42d56 -> 
========================================================================
Received Prepare
Registering precompiled user dll's ...
Registered in 0.002046 seconds.
Begin MonoManager ReloadAssembly
Native extension for WindowsStandalone target not found
Refreshing native plugins compatible for Editor in 0.36 ms, found 2 plugins.
Preloading 0 native plugins for Editor in 0.00 ms.
Mono: successfully reloaded assembly
- Completed reload, in  0.830 seconds
Domain Reload Profiling:
	ReloadAssembly (830ms)
		BeginReloadAssembly (116ms)
			ExecutionOrderSort (0ms)
			DisableScriptedObjects (4ms)
			BackupInstance (0ms)
			ReleaseScriptingObjects (0ms)
			CreateAndSetChildDomain (32ms)
		EndReloadAssembly (660ms)
			LoadAssemblies (73ms)
			RebuildTransferFunctionScriptingTraits (0ms)
			SetupTypeCache (233ms)
			ReleaseScriptCaches (1ms)
			RebuildScriptCaches (33ms)
			SetupLoadedEditorAssemblies (238ms)
				LogAssemblyErrors (0ms)
				InitializePlatformSupportModulesInManaged (4ms)
				SetLoadedEditorAssemblies (0ms)
				RefreshPlugins (0ms)
				BeforeProcessingInitializeOnLoad (61ms)
				ProcessInitializeOnLoadAttributes (160ms)
				ProcessInitializeOnLoadMethodAttributes (8ms)
				AfterProcessingInitializeOnLoad (5ms)
				EditorAssembliesLoaded (0ms)
			ExecutionOrderSort2 (0ms)
			AwakeInstancesAfterBackupRestoration (6ms)
Platform modules already initialized, skipping
Refreshing native plugins compatible for Editor in 0.32 ms, found 2 plugins.
Preloading 0 native plugins for Editor in 0.00 ms.
Unloading 1529 Unused Serialized files (Serialized files now loaded: 0)
System memory in use before: 72.5 MB.
System memory in use after: 72.6 MB.

Unloading 14 unused Assets to reduce memory usage. Loaded Objects now: 1989.
Total: 2.675400 ms (FindLiveObjects: 0.145200 ms CreateObjectMapping: 0.041300 ms MarkObjects: 2.473800 ms  DeleteObjects: 0.014100 ms)

AssetImportParameters requested are different than current active one (requested -> active):
  custom:framework-win-MediaFoundation: 216162199b28c13a410421893ffa2e32 -> 
  custom:video-decoder-ogg-theora: a1e56fd34408186e4bbccfd4996cb3dc -> 
  custom:container-muxer-webm: aa71ff27fc2769a1b78a27578f13a17b -> 
  custom:container-demuxer-webm: 4f35f7cbe854078d1ac9338744f61a02 -> 
  custom:container-demuxer-ogg: 62fdf1f143b41e24485cea50d1cbac27 -> 
  custom:video-encoder-webm-vp8: eb34c28f22e8b96e1ab97ce403110664 -> 
  custom:video-decoder-webm-vp8: 9c59270c3fd7afecdb556c50c9e8de78 -> 
  custom:audio-decoder-ogg-vorbis: bf7c407c2cedff20999df2af8eb42d56 -> 
  custom:audio-encoder-webm-vorbis: bf7c407c2cedff20999df2af8eb42d56 -> 
========================================================================
Received Prepare
Registering precompiled user dll's ...
Registered in 0.002223 seconds.
Begin MonoManager ReloadAssembly
Native extension for WindowsStandalone target not found
Refreshing native plugins compatible for Editor in 0.33 ms, found 2 plugins.
Preloading 0 native plugins for Editor in 0.00 ms.
Mono: successfully reloaded assembly
- Completed reload, in  0.844 seconds
Domain Reload Profiling:
	ReloadAssembly (845ms)
		BeginReloadAssembly (110ms)
			ExecutionOrderSort (0ms)
			DisableScriptedObjects (4ms)
			BackupInstance (0ms)
			ReleaseScriptingObjects (0ms)
			CreateAndSetChildDomain (34ms)
		EndReloadAssembly (675ms)
			LoadAssemblies (70ms)
			RebuildTransferFunctionScriptingTraits (0ms)
			SetupTypeCache (242ms)
			ReleaseScriptCaches (1ms)
			RebuildScriptCaches (34ms)
			SetupLoadedEditorAssemblies (244ms)
				LogAssemblyErrors (0ms)
				InitializePlatformSupportModulesInManaged (4ms)
				SetLoadedEditorAssemblies (0ms)
				RefreshPlugins (0ms)
				BeforeProcessingInitializeOnLoad (62ms)
				ProcessInitializeOnLoadAttributes (163ms)
				ProcessInitializeOnLoadMethodAttributes (8ms)
				AfterProcessingInitializeOnLoad (5ms)
				EditorAssembliesLoaded (0ms)
			ExecutionOrderSort2 (0ms)
			AwakeInstancesAfterBackupRestoration (6ms)
Platform modules already initialized, skipping
Refreshing native plugins compatible for Editor in 0.32 ms, found 2 plugins.
Preloading 0 native plugins for Editor in 0.00 ms.
Unloading 1529 Unused Serialized files (Serialized files now loaded: 0)
System memory in use before: 72.5 MB.
System memory in use after: 72.6 MB.

Unloading 14 unused Assets to reduce memory usage. Loaded Objects now: 1991.
Total: 2.938400 ms (FindLiveObjects: 0.142700 ms CreateObjectMapping: 0.038900 ms MarkObjects: 2.741800 ms  DeleteObjects: 0.014300 ms)

AssetImportParameters requested are different than current active one (requested -> active):
  custom:framework-win-MediaFoundation: 216162199b28c13a410421893ffa2e32 -> 
  custom:video-decoder-ogg-theora: a1e56fd34408186e4bbccfd4996cb3dc -> 
  custom:container-muxer-webm: aa71ff27fc2769a1b78a27578f13a17b -> 
  custom:container-demuxer-webm: 4f35f7cbe854078d1ac9338744f61a02 -> 
  custom:container-demuxer-ogg: 62fdf1f143b41e24485cea50d1cbac27 -> 
  custom:video-encoder-webm-vp8: eb34c28f22e8b96e1ab97ce403110664 -> 
  custom:video-decoder-webm-vp8: 9c59270c3fd7afecdb556c50c9e8de78 -> 
  custom:audio-decoder-ogg-vorbis: bf7c407c2cedff20999df2af8eb42d56 -> 
  custom:audio-encoder-webm-vorbis: bf7c407c2cedff20999df2af8eb42d56 -> 
========================================================================
Received Prepare
Registering precompiled user dll's ...
Registered in 0.002054 seconds.
Begin MonoManager ReloadAssembly
Native extension for WindowsStandalone target not found
Refreshing native plugins compatible for Editor in 0.32 ms, found 2 plugins.
Preloading 0 native plugins for Editor in 0.00 ms.
Mono: successfully reloaded assembly
- Completed reload, in  0.798 seconds
Domain Reload Profiling:
	ReloadAssembly (799ms)
		BeginReloadAssembly (86ms)
			ExecutionOrderSort (0ms)
			DisableScriptedObjects (4ms)
			BackupInstance (0ms)
			ReleaseScriptingObjects (0ms)
			CreateAndSetChildDomain (27ms)
		EndReloadAssembly (660ms)
			LoadAssemblies (72ms)
			RebuildTransferFunctionScriptingTraits (0ms)
			SetupTypeCache (234ms)
			ReleaseScriptCaches (1ms)
			RebuildScriptCaches (33ms)
			SetupLoadedEditorAssemblies (237ms)
				LogAssemblyErrors (0ms)
				InitializePlatformSupportModulesInManaged (4ms)
				SetLoadedEditorAssemblies (0ms)
				RefreshPlugins (0ms)
				BeforeProcessingInitializeOnLoad (61ms)
				ProcessInitializeOnLoadAttributes (157ms)
				ProcessInitializeOnLoadMethodAttributes (9ms)
				AfterProcessingInitializeOnLoad (5ms)
				EditorAssembliesLoaded (0ms)
			ExecutionOrderSort2 (0ms)
			AwakeInstancesAfterBackupRestoration (6ms)
Platform modules already initialized, skipping
Refreshing native plugins compatible for Editor in 0.32 ms, found 2 plugins.
Preloading 0 native plugins for Editor in 0.00 ms.
Unloading 1529 Unused Serialized files (Serialized files now loaded: 0)
System memory in use before: 72.5 MB.
System memory in use after: 72.6 MB.

Unloading 14 unused Assets to reduce memory usage. Loaded Objects now: 1993.
Total: 2.623200 ms (FindLiveObjects: 0.137700 ms CreateObjectMapping: 0.043400 ms MarkObjects: 2.428200 ms  DeleteObjects: 0.012900 ms)

AssetImportParameters requested are different than current active one (requested -> active):
  custom:framework-win-MediaFoundation: 216162199b28c13a410421893ffa2e32 -> 
  custom:video-decoder-ogg-theora: a1e56fd34408186e4bbccfd4996cb3dc -> 
  custom:container-muxer-webm: aa71ff27fc2769a1b78a27578f13a17b -> 
  custom:container-demuxer-webm: 4f35f7cbe854078d1ac9338744f61a02 -> 
  custom:container-demuxer-ogg: 62fdf1f143b41e24485cea50d1cbac27 -> 
  custom:video-encoder-webm-vp8: eb34c28f22e8b96e1ab97ce403110664 -> 
  custom:video-decoder-webm-vp8: 9c59270c3fd7afecdb556c50c9e8de78 -> 
  custom:audio-decoder-ogg-vorbis: bf7c407c2cedff20999df2af8eb42d56 -> 
  custom:audio-encoder-webm-vorbis: bf7c407c2cedff20999df2af8eb42d56 -> 
========================================================================
Received Prepare
Registering precompiled user dll's ...
Registered in 0.002011 seconds.
Begin MonoManager ReloadAssembly
Native extension for WindowsStandalone target not found
Refreshing native plugins compatible for Editor in 0.32 ms, found 2 plugins.
Preloading 0 native plugins for Editor in 0.00 ms.
Mono: successfully reloaded assembly
- Completed reload, in  0.816 seconds
Domain Reload Profiling:
	ReloadAssembly (816ms)
		BeginReloadAssembly (101ms)
			ExecutionOrderSort (0ms)
			DisableScriptedObjects (5ms)
			BackupInstance (0ms)
			ReleaseScriptingObjects (0ms)
			CreateAndSetChildDomain (27ms)
		EndReloadAssembly (662ms)
			LoadAssemblies (69ms)
			RebuildTransferFunctionScriptingTraits (0ms)
			SetupTypeCache (238ms)
			ReleaseScriptCaches (1ms)
			RebuildScriptCaches (32ms)
			SetupLoadedEditorAssemblies (239ms)
				LogAssemblyErrors (0ms)
				InitializePlatformSupportModulesInManaged (4ms)
				SetLoadedEditorAssemblies (0ms)
				RefreshPlugins (0ms)
				BeforeProcessingInitializeOnLoad (61ms)
				ProcessInitializeOnLoadAttributes (161ms)
				ProcessInitializeOnLoadMethodAttributes (7ms)
				AfterProcessingInitializeOnLoad (5ms)
				EditorAssembliesLoaded (0ms)
			ExecutionOrderSort2 (0ms)
			AwakeInstancesAfterBackupRestoration (6ms)
Platform modules already initialized, skipping
Refreshing native plugins compatible for Editor in 0.32 ms, found 2 plugins.
Preloading 0 native plugins for Editor in 0.00 ms.
Unloading 1529 Unused Serialized files (Serialized files now loaded: 0)
System memory in use before: 72.5 MB.
System memory in use after: 72.6 MB.

Unloading 14 unused Assets to reduce memory usage. Loaded Objects now: 1995.
Total: 2.791600 ms (FindLiveObjects: 0.137400 ms CreateObjectMapping: 0.041100 ms MarkObjects: 2.597400 ms  DeleteObjects: 0.015000 ms)

AssetImportParameters requested are different than current active one (requested -> active):
  custom:framework-win-MediaFoundation: 216162199b28c13a410421893ffa2e32 -> 
  custom:video-decoder-ogg-theora: a1e56fd34408186e4bbccfd4996cb3dc -> 
  custom:container-muxer-webm: aa71ff27fc2769a1b78a27578f13a17b -> 
  custom:container-demuxer-webm: 4f35f7cbe854078d1ac9338744f61a02 -> 
  custom:container-demuxer-ogg: 62fdf1f143b41e24485cea50d1cbac27 -> 
  custom:video-encoder-webm-vp8: eb34c28f22e8b96e1ab97ce403110664 -> 
  custom:video-decoder-webm-vp8: 9c59270c3fd7afecdb556c50c9e8de78 -> 
  custom:audio-decoder-ogg-vorbis: bf7c407c2cedff20999df2af8eb42d56 -> 
  custom:audio-encoder-webm-vorbis: bf7c407c2cedff20999df2af8eb42d56 -> 
========================================================================
Received Import Request.
  Time since last request: 7630.930203 seconds.
  path: Assets/Scenes/Main Menu.unity
  artifactKey: Guid(24ee742a859af2547ad0e35088fdfa90) Importer(815301076,1909f56bfc062723c751e8b465ee728b)
Start importing Assets/Scenes/Main Menu.unity using Guid(24ee742a859af2547ad0e35088fdfa90) Importer(815301076,1909f56bfc062723c751e8b465ee728b)  -> (artifact id: '2e83be80539b55abc869555ae5ba8f1b') in 0.018201 seconds 
  Import took 0.022039 seconds .

========================================================================
Received Import Request.
  Time since last request: 36.915553 seconds.
  path: Assets/Scenes/Main.unity
  artifactKey: Guid(1d9ef7fb28a351c458b5659b40347b08) Importer(815301076,1909f56bfc062723c751e8b465ee728b)
Start importing Assets/Scenes/Main.unity using Guid(1d9ef7fb28a351c458b5659b40347b08) Importer(815301076,1909f56bfc062723c751e8b465ee728b)  -> (artifact id: 'd90cefcdfe962aa615c79e952f2dbbdb') in 0.009328 seconds 
  Import took 0.013024 seconds .

========================================================================
Received Import Request.
  Time since last request: 34.351933 seconds.
  path: Assets/Prefabs
  artifactKey: Guid(c524db21d82b5ff48beff98f3f4c1f1b) Importer(815301076,1909f56bfc062723c751e8b465ee728b)
Start importing Assets/Prefabs using Guid(c524db21d82b5ff48beff98f3f4c1f1b) Importer(815301076,1909f56bfc062723c751e8b465ee728b)  -> (artifact id: 'af373b6173120d2cc75b5238144dab27') in 0.009730 seconds 
  Import took 0.014079 seconds .

========================================================================
Received Import Request.
  Time since last request: 0.493444 seconds.
  path: Assets/Prefabs/ButtonManager.prefab
  artifactKey: Guid(cd7835ecc3f15f74584be37429c2e026) Importer(815301076,1909f56bfc062723c751e8b465ee728b)
Start importing Assets/Prefabs/ButtonManager.prefab using Guid(cd7835ecc3f15f74584be37429c2e026) Importer(815301076,1909f56bfc062723c751e8b465ee728b)  -> (artifact id: '04a857842dbb9f08fccac9031962d24d') in 0.031172 seconds 
  Import took 0.035722 seconds .

========================================================================
Received Import Request.
  Time since last request: 0.000320 seconds.
  path: Assets/Prefabs/tile.prefab
  artifactKey: Guid(18a21422701b0e8468530c539a7310a2) Importer(815301076,1909f56bfc062723c751e8b465ee728b)
Start importing Assets/Prefabs/tile.prefab using Guid(18a21422701b0e8468530c539a7310a2) Importer(815301076,1909f56bfc062723c751e8b465ee728b)  -> (artifact id: '5b5d75bcb3d6fba7f89753b91e2a9e36') in 0.075808 seconds 
  Import took 0.078694 seconds .

========================================================================
Received Import Request.
  Time since last request: 0.000221 seconds.
  path: Assets/Prefabs/tile 2.prefab
  artifactKey: Guid(b51f9d8c74822574b918db0f2563d10a) Importer(815301076,1909f56bfc062723c751e8b465ee728b)
Start importing Assets/Prefabs/tile 2.prefab using Guid(b51f9d8c74822574b918db0f2563d10a) Importer(815301076,1909f56bfc062723c751e8b465ee728b)  -> (artifact id: '1ab90278a0a5f712ab5d2487ba28c702') in 0.017900 seconds 
  Import took 0.020841 seconds .

========================================================================
Received Import Request.
  Time since last request: 1.799992 seconds.
  path: Assets/Prefabs/Pieces
  artifactKey: Guid(4c1b2ec796cd4eb4d85a2cc2bc6b9ff1) Importer(815301076,1909f56bfc062723c751e8b465ee728b)
Start importing Assets/Prefabs/Pieces using Guid(4c1b2ec796cd4eb4d85a2cc2bc6b9ff1) Importer(815301076,1909f56bfc062723c751e8b465ee728b)  -> (artifact id: '4f75b336c56ce8417d91b8d26eaf3124') in 0.007624 seconds 
  Import took 0.011209 seconds .

========================================================================
Received Import Request.
  Time since last request: 0.041553 seconds.
  path: Assets/Prefabs/Pieces/circle.prefab
  artifactKey: Guid(13e124d0fe1f0c04b87c529fe8b96c68) Importer(815301076,1909f56bfc062723c751e8b465ee728b)
Start importing Assets/Prefabs/Pieces/circle.prefab using Guid(13e124d0fe1f0c04b87c529fe8b96c68) Importer(815301076,1909f56bfc062723c751e8b465ee728b)  -> (artifact id: 'c12a0cec37c7bcf6596562a10d51c69b') in 0.013879 seconds 
  Import took 0.016989 seconds .

========================================================================
Received Import Request.
  Time since last request: 0.000223 seconds.
  path: Assets/Prefabs/Pieces/rectangle.prefab
  artifactKey: Guid(7dba6aa5f8bb3984e90d9d408322faef) Importer(815301076,1909f56bfc062723c751e8b465ee728b)
Start importing Assets/Prefabs/Pieces/rectangle.prefab using Guid(7dba6aa5f8bb3984e90d9d408322faef) Importer(815301076,1909f56bfc062723c751e8b465ee728b)  -> (artifact id: '0d8f5fcacbbc8ef12522bbce59e76b49') in 0.015404 seconds 
  Import took 0.019164 seconds .

========================================================================
Received Import Request.
  Time since last request: 0.000194 seconds.
  path: Assets/Prefabs/Pieces/triangle.prefab
  artifactKey: Guid(b08aadf9f2f06f544a88c44c9e541573) Importer(815301076,1909f56bfc062723c751e8b465ee728b)
Start importing Assets/Prefabs/Pieces/triangle.prefab using Guid(b08aadf9f2f06f544a88c44c9e541573) Importer(815301076,1909f56bfc062723c751e8b465ee728b)  -> (artifact id: '2d96270d3e53521056aeccdef02126e6') in 0.017388 seconds 
  Import took 0.020569 seconds .

========================================================================
Received Import Request.
  Time since last request: 0.000209 seconds.
  path: Assets/Prefabs/Pieces/cross.prefab
  artifactKey: Guid(1d6af3bd3f3f23b48b811eb4bff70d26) Importer(815301076,1909f56bfc062723c751e8b465ee728b)
Start importing Assets/Prefabs/Pieces/cross.prefab using Guid(1d6af3bd3f3f23b48b811eb4bff70d26) Importer(815301076,1909f56bfc062723c751e8b465ee728b)  -> (artifact id: '616764e02ec2318f895a39b950c681e1') in 0.017281 seconds 
  Import took 0.020141 seconds .

========================================================================
Received Import Request.
  Time since last request: 0.000169 seconds.
  path: Assets/Prefabs/Pieces/hexagon.prefab
  artifactKey: Guid(fe7c6d73b3ea86b4baf104e434d876b9) Importer(815301076,1909f56bfc062723c751e8b465ee728b)
Start importing Assets/Prefabs/Pieces/hexagon.prefab using Guid(fe7c6d73b3ea86b4baf104e434d876b9) Importer(815301076,1909f56bfc062723c751e8b465ee728b)  -> (artifact id: 'b55d1aff599945bd2f1e9601e7aed10c') in 0.017455 seconds 
  Import took 0.022120 seconds .

========================================================================
Received Import Request.
  Time since last request: 0.000199 seconds.
  path: Assets/Prefabs/Pieces/square.prefab
  artifactKey: Guid(39f817e763ecd324d8c48826eb064009) Importer(815301076,1909f56bfc062723c751e8b465ee728b)
Start importing Assets/Prefabs/Pieces/square.prefab using Guid(39f817e763ecd324d8c48826eb064009) Importer(815301076,1909f56bfc062723c751e8b465ee728b)  -> (artifact id: '89c912901e283e58b50b3843dad685cc') in 0.015355 seconds 
  Import took 0.018448 seconds .

========================================================================
Received Import Request.
  Time since last request: 4.381243 seconds.
  path: Assets/Plugins
  artifactKey: Guid(33638d74e20b4ad4f93c05d891467625) Importer(815301076,1909f56bfc062723c751e8b465ee728b)
Start importing Assets/Plugins using Guid(33638d74e20b4ad4f93c05d891467625) Importer(815301076,1909f56bfc062723c751e8b465ee728b)  -> (artifact id: 'a8aefed16cb32e6aa761daa04416e7b9') in 0.008927 seconds 
  Import took 0.011573 seconds .

========================================================================
Received Import Request.
  Time since last request: 0.874826 seconds.
  path: Assets/Plugins/Editor
  artifactKey: Guid(112d5beb0244a7e4f8deec5f4ad2648c) Importer(815301076,1909f56bfc062723c751e8b465ee728b)
Start importing Assets/Plugins/Editor using Guid(112d5beb0244a7e4f8deec5f4ad2648c) Importer(815301076,1909f56bfc062723c751e8b465ee728b)  -> (artifact id: 'd6edb8db199d948b2ec1eed7832174b3') in 0.008536 seconds 
  Import took 0.012430 seconds .

========================================================================
Received Import Request.
  Time since last request: 3.211656 seconds.
  path: Assets/Models
  artifactKey: Guid(c07f3a4a25fbefa4786ae8e14c0ab023) Importer(815301076,1909f56bfc062723c751e8b465ee728b)
Start importing Assets/Models using Guid(c07f3a4a25fbefa4786ae8e14c0ab023) Importer(815301076,1909f56bfc062723c751e8b465ee728b)  -> (artifact id: '2871c29865ebc5f1ceb70694596d9a9a') in 0.008162 seconds 
  Import took 0.012280 seconds .

========================================================================
Received Import Request.
  Time since last request: 0.074768 seconds.
  path: Assets/Models/piece1.fbx
  artifactKey: Guid(b2e035f0d1ba64240b693323660a5ff2) Importer(815301076,1909f56bfc062723c751e8b465ee728b)
Start importing Assets/Models/piece1.fbx using Guid(b2e035f0d1ba64240b693323660a5ff2) Importer(815301076,1909f56bfc062723c751e8b465ee728b)  -> (artifact id: 'ff0f42c32fbb1453411a6168eff04942') in 0.098581 seconds 
  Import took 0.101658 seconds .

========================================================================
Received Import Request.
  Time since last request: 0.000260 seconds.
  path: Assets/Models/piece2.fbx
  artifactKey: Guid(37e641cff852b7e4d9a297daeff5f7c2) Importer(815301076,1909f56bfc062723c751e8b465ee728b)
Start importing Assets/Models/piece2.fbx using Guid(37e641cff852b7e4d9a297daeff5f7c2) Importer(815301076,1909f56bfc062723c751e8b465ee728b)  -> (artifact id: '380cf8f40b4adcfa22feb33a1a87dc5e') in 0.020758 seconds 
  Import took 0.023165 seconds .

========================================================================
Received Import Request.
  Time since last request: 0.000177 seconds.
  path: Assets/Models/piece4.fbx
  artifactKey: Guid(b4c462be258b7254b9c9f20c69f05ca2) Importer(815301076,1909f56bfc062723c751e8b465ee728b)
Start importing Assets/Models/piece4.fbx using Guid(b4c462be258b7254b9c9f20c69f05ca2) Importer(815301076,1909f56bfc062723c751e8b465ee728b)  -> (artifact id: 'e28eeb51f1c1f3026c4d154338105c8a') in 0.023898 seconds 
  Import took 0.026611 seconds .

========================================================================
Received Import Request.
  Time since last request: 0.000170 seconds.
  path: Assets/Models/piece3.fbx
  artifactKey: Guid(5abb2ce8c7ebe5342b12f38102dbfc45) Importer(815301076,1909f56bfc062723c751e8b465ee728b)
Start importing Assets/Models/piece3.fbx using Guid(5abb2ce8c7ebe5342b12f38102dbfc45) Importer(815301076,1909f56bfc062723c751e8b465ee728b)  -> (artifact id: '8b0cb3902ad480f1c1310b0a2ed45359') in 0.020539 seconds 
  Import took 0.023367 seconds .

========================================================================
Received Import Request.
  Time since last request: 0.000212 seconds.
  path: Assets/Models/piece5.fbx
  artifactKey: Guid(45e82313a3762c24891b6e5d23bbadae) Importer(815301076,1909f56bfc062723c751e8b465ee728b)
Start importing Assets/Models/piece5.fbx using Guid(45e82313a3762c24891b6e5d23bbadae) Importer(815301076,1909f56bfc062723c751e8b465ee728b)  -> (artifact id: '779cc05a1d539c10f4a142fe7b217f3c') in 0.023712 seconds 
  Import took 0.026114 seconds .

========================================================================
Received Import Request.
  Time since last request: 1.495209 seconds.
  path: Assets/Models/textures
  artifactKey: Guid(ea6efb7c5bb53ff4eb7789d34d2997bc) Importer(815301076,1909f56bfc062723c751e8b465ee728b)
Start importing Assets/Models/textures using Guid(ea6efb7c5bb53ff4eb7789d34d2997bc) Importer(815301076,1909f56bfc062723c751e8b465ee728b)  -> (artifact id: 'bb122e709799ee105135ccb9ccc664ca') in 0.008812 seconds 
  Import took 0.012958 seconds .

========================================================================
Received Import Request.
  Time since last request: 0.063963 seconds.
  path: Assets/Models/textures/black marble.png
  artifactKey: Guid(80f7233426970454dbd561ecb95401a9) Importer(815301076,1909f56bfc062723c751e8b465ee728b)
Start importing Assets/Models/textures/black marble.png using Guid(80f7233426970454dbd561ecb95401a9) Importer(815301076,1909f56bfc062723c751e8b465ee728b)  -> (artifact id: '790fb1ce757f7ab2110270a0779fcc07') in 0.017759 seconds 
  Import took 0.020460 seconds .

========================================================================
Received Import Request.
  Time since last request: 0.000255 seconds.
  path: Assets/Models/textures/wood.png
  artifactKey: Guid(4385ed0ef672f8240bf8c826e452766e) Importer(815301076,1909f56bfc062723c751e8b465ee728b)
Start importing Assets/Models/textures/wood.png using Guid(4385ed0ef672f8240bf8c826e452766e) Importer(815301076,1909f56bfc062723c751e8b465ee728b)  -> (artifact id: 'a8cde998ffdf9185fa9cfddd6cae9f44') in 0.010445 seconds 
  Import took 0.012878 seconds .

========================================================================
Received Import Request.
  Time since last request: 0.000160 seconds.
  path: Assets/Models/textures/white marble.png
  artifactKey: Guid(aa8d92560af395b479b3dadf45bceb47) Importer(815301076,1909f56bfc062723c751e8b465ee728b)
Start importing Assets/Models/textures/white marble.png using Guid(aa8d92560af395b479b3dadf45bceb47) Importer(815301076,1909f56bfc062723c751e8b465ee728b)  -> (artifact id: 'd12e34be4accc1c7847201a613638b58') in 0.015499 seconds 
  Import took 0.018530 seconds .

========================================================================
Received Import Request.
  Time since last request: 4.602561 seconds.
  path: Assets/Models/Materials
  artifactKey: Guid(11eeee88a55a39441b42f3e06a7d6824) Importer(815301076,1909f56bfc062723c751e8b465ee728b)
Start importing Assets/Models/Materials using Guid(11eeee88a55a39441b42f3e06a7d6824) Importer(815301076,1909f56bfc062723c751e8b465ee728b)  -> (artifact id: 'aec351db155f1619f9fa88a94f0c38ca') in 0.008300 seconds 
  Import took 0.011656 seconds .

========================================================================
Received Import Request.
  Time since last request: 0.040456 seconds.
  path: Assets/Models/Materials/black marble.mat
  artifactKey: Guid(d256c50caec2edf43bd01c75ecb3c530) Importer(815301076,1909f56bfc062723c751e8b465ee728b)
Start importing Assets/Models/Materials/black marble.mat using Guid(d256c50caec2edf43bd01c75ecb3c530) Importer(815301076,1909f56bfc062723c751e8b465ee728b)  -> (artifact id: '99c2678ebca1b6b6fa81364fe5ac54a7') in 0.045435 seconds 
  Import took 0.048227 seconds .

========================================================================
Received Import Request.
  Time since last request: 0.000238 seconds.
  path: Assets/Models/Materials/piece_p2.mat
  artifactKey: Guid(897456d6df4b6fb488ad9fc9caa89f9b) Importer(815301076,1909f56bfc062723c751e8b465ee728b)
Start importing Assets/Models/Materials/piece_p2.mat using Guid(897456d6df4b6fb488ad9fc9caa89f9b) Importer(815301076,1909f56bfc062723c751e8b465ee728b)  -> (artifact id: '1f5a130e617c04038a5cf580dc4359e4') in 0.015383 seconds 
  Import took 0.018854 seconds .

========================================================================
Received Import Request.
  Time since last request: 0.000204 seconds.
  path: Assets/Models/Materials/piece_p1.mat
  artifactKey: Guid(1fff9781423e51445b73ec2b4b1f3dd6) Importer(815301076,1909f56bfc062723c751e8b465ee728b)
Start importing Assets/Models/Materials/piece_p1.mat using Guid(1fff9781423e51445b73ec2b4b1f3dd6) Importer(815301076,1909f56bfc062723c751e8b465ee728b)  -> (artifact id: 'e74f033863a3cad1f7552812ef079346') in 0.011689 seconds 
  Import took 0.015124 seconds .

========================================================================
Received Import Request.
  Time since last request: 0.000199 seconds.
  path: Assets/Models/Materials/wood.mat
  artifactKey: Guid(291f8233d778a4943abdbb6366b55cbe) Importer(815301076,1909f56bfc062723c751e8b465ee728b)
Start importing Assets/Models/Materials/wood.mat using Guid(291f8233d778a4943abdbb6366b55cbe) Importer(815301076,1909f56bfc062723c751e8b465ee728b)  -> (artifact id: '9f27db73fda5fa0c870dca6ee2ca7210') in 0.016646 seconds 
  Import took 0.022080 seconds .

========================================================================
Received Import Request.
  Time since last request: 0.000312 seconds.
  path: Assets/Models/Materials/white marble.mat
  artifactKey: Guid(5e3898849daa5ef428e16379e85f2efe) Importer(815301076,1909f56bfc062723c751e8b465ee728b)
Start importing Assets/Models/Materials/white marble.mat using Guid(5e3898849daa5ef428e16379e85f2efe) Importer(815301076,1909f56bfc062723c751e8b465ee728b)  -> (artifact id: '21f073c36bd6636597a6efd1d1f593ea') in 0.017898 seconds 
  Import took 0.021202 seconds .

========================================================================
Received Import Request.
  Time since last request: 0.000179 seconds.
  path: Assets/Models/Materials/tile.mat
  artifactKey: Guid(f89caece0f0e6fe408f96af805b91f5c) Importer(815301076,1909f56bfc062723c751e8b465ee728b)
Start importing Assets/Models/Materials/tile.mat using Guid(f89caece0f0e6fe408f96af805b91f5c) Importer(815301076,1909f56bfc062723c751e8b465ee728b)  -> (artifact id: '7c1c2507d1718460b31ff876a77e7df6') in 0.015657 seconds 
  Import took 0.018719 seconds .

========================================================================
Received Import Request.
  Time since last request: 0.000239 seconds.
  path: Assets/Models/Materials/tile 2.mat
  artifactKey: Guid(819872274c3cebd468ce00de309d6ab1) Importer(815301076,1909f56bfc062723c751e8b465ee728b)
Start importing Assets/Models/Materials/tile 2.mat using Guid(819872274c3cebd468ce00de309d6ab1) Importer(815301076,1909f56bfc062723c751e8b465ee728b)  -> (artifact id: 'af6ec6632e823fb2ecec3f73911dd62c') in 0.018026 seconds 
  Import took 0.020702 seconds .

========================================================================
Received Import Request.
  Time since last request: 0.982451 seconds.
  path: Assets/Models/Materials/highlights
  artifactKey: Guid(71e9bc943f9e7644a994672b38217b70) Importer(815301076,1909f56bfc062723c751e8b465ee728b)
Start importing Assets/Models/Materials/highlights using Guid(71e9bc943f9e7644a994672b38217b70) Importer(815301076,1909f56bfc062723c751e8b465ee728b)  -> (artifact id: '4140abebb3d3807d1913bd84d15fe774') in 0.008526 seconds 
  Import took 0.012451 seconds .

========================================================================
Received Import Request.
  Time since last request: 0.055076 seconds.
  path: Assets/Models/Materials/highlights/check highlight.mat
  artifactKey: Guid(ed25974b9073dd24d91289e3f514f269) Importer(815301076,1909f56bfc062723c751e8b465ee728b)
Start importing Assets/Models/Materials/highlights/check highlight.mat using Guid(ed25974b9073dd24d91289e3f514f269) Importer(815301076,1909f56bfc062723c751e8b465ee728b)  -> (artifact id: '0c84c895c59329222bac45584d1f6b55') in 0.010513 seconds 
  Import took 0.013153 seconds .

========================================================================
Received Import Request.
  Time since last request: 0.000227 seconds.
  path: Assets/Models/Materials/highlights/move highlight.mat
  artifactKey: Guid(1fda70eec16b8fd4d94fda5200ef34cf) Importer(815301076,1909f56bfc062723c751e8b465ee728b)
Start importing Assets/Models/Materials/highlights/move highlight.mat using Guid(1fda70eec16b8fd4d94fda5200ef34cf) Importer(815301076,1909f56bfc062723c751e8b465ee728b)  -> (artifact id: '73a1cb89d70ad38a39a9064324beb3fd') in 0.016184 seconds 
  Import took 0.019662 seconds .

========================================================================
Received Import Request.
  Time since last request: 0.000287 seconds.
  path: Assets/Models/Materials/highlights/eat highlight.mat
  artifactKey: Guid(de50cc6ca7d3e9e4e954a4dd867f3ab3) Importer(815301076,1909f56bfc062723c751e8b465ee728b)
Start importing Assets/Models/Materials/highlights/eat highlight.mat using Guid(de50cc6ca7d3e9e4e954a4dd867f3ab3) Importer(815301076,1909f56bfc062723c751e8b465ee728b)  -> (artifact id: '6ad749e5bca92e22f95d991caf0639dd') in 0.013762 seconds 
  Import took 0.018557 seconds .

========================================================================
Received Import Request.
  Time since last request: 66.931457 seconds.
  path: Assets/Editor
  artifactKey: Guid(a40faed7397969e45a8758d7271b395f) Importer(815301076,1909f56bfc062723c751e8b465ee728b)
Start importing Assets/Editor using Guid(a40faed7397969e45a8758d7271b395f) Importer(815301076,1909f56bfc062723c751e8b465ee728b)  -> (artifact id: 'fecba48804fbb175e4d14d1d2d45dfbc') in 0.001560 seconds 
  Import took 0.004604 seconds .

========================================================================
Received Prepare
Registering precompiled user dll's ...
Registered in 0.002089 seconds.
Begin MonoManager ReloadAssembly
Native extension for WindowsStandalone target not found
Refreshing native plugins compatible for Editor in 0.34 ms, found 2 plugins.
Preloading 0 native plugins for Editor in 0.00 ms.
Mono: successfully reloaded assembly
- Completed reload, in  0.805 seconds
Domain Reload Profiling:
	ReloadAssembly (805ms)
		BeginReloadAssembly (95ms)
			ExecutionOrderSort (0ms)
			DisableScriptedObjects (4ms)
			BackupInstance (0ms)
			ReleaseScriptingObjects (0ms)
			CreateAndSetChildDomain (28ms)
		EndReloadAssembly (655ms)
			LoadAssemblies (68ms)
			RebuildTransferFunctionScriptingTraits (0ms)
			SetupTypeCache (234ms)
			ReleaseScriptCaches (1ms)
			RebuildScriptCaches (33ms)
			SetupLoadedEditorAssemblies (235ms)
				LogAssemblyErrors (0ms)
				InitializePlatformSupportModulesInManaged (4ms)
				SetLoadedEditorAssemblies (0ms)
				RefreshPlugins (0ms)
				BeforeProcessingInitializeOnLoad (60ms)
				ProcessInitializeOnLoadAttributes (158ms)
				ProcessInitializeOnLoadMethodAttributes (7ms)
				AfterProcessingInitializeOnLoad (5ms)
				EditorAssembliesLoaded (0ms)
			ExecutionOrderSort2 (0ms)
			AwakeInstancesAfterBackupRestoration (6ms)
Platform modules already initialized, skipping
Refreshing native plugins compatible for Editor in 0.32 ms, found 2 plugins.
Preloading 0 native plugins for Editor in 0.00 ms.
Unloading 1529 Unused Serialized files (Serialized files now loaded: 0)
System memory in use before: 73.0 MB.
System memory in use after: 73.1 MB.

Unloading 14 unused Assets to reduce memory usage. Loaded Objects now: 2039.
Total: 2.661000 ms (FindLiveObjects: 0.185600 ms CreateObjectMapping: 0.057200 ms MarkObjects: 2.377700 ms  DeleteObjects: 0.039700 ms)

AssetImportParameters requested are different than current active one (requested -> active):
  custom:framework-win-MediaFoundation: 216162199b28c13a410421893ffa2e32 -> 
  custom:video-decoder-ogg-theora: a1e56fd34408186e4bbccfd4996cb3dc -> 
  custom:container-muxer-webm: aa71ff27fc2769a1b78a27578f13a17b -> 
  custom:container-demuxer-webm: 4f35f7cbe854078d1ac9338744f61a02 -> 
  custom:container-demuxer-ogg: 62fdf1f143b41e24485cea50d1cbac27 -> 
  custom:video-encoder-webm-vp8: eb34c28f22e8b96e1ab97ce403110664 -> 
  custom:video-decoder-webm-vp8: 9c59270c3fd7afecdb556c50c9e8de78 -> 
  custom:audio-decoder-ogg-vorbis: bf7c407c2cedff20999df2af8eb42d56 -> 
  custom:audio-encoder-webm-vorbis: bf7c407c2cedff20999df2af8eb42d56 -> 
========================================================================
Received Prepare
Registering precompiled user dll's ...
Registered in 0.002032 seconds.
Begin MonoManager ReloadAssembly
Native extension for WindowsStandalone target not found
Refreshing native plugins compatible for Editor in 0.38 ms, found 2 plugins.
Preloading 0 native plugins for Editor in 0.00 ms.
Mono: successfully reloaded assembly
- Completed reload, in  0.824 seconds
Domain Reload Profiling:
	ReloadAssembly (824ms)
		BeginReloadAssembly (98ms)
			ExecutionOrderSort (0ms)
			DisableScriptedObjects (4ms)
			BackupInstance (0ms)
			ReleaseScriptingObjects (0ms)
			CreateAndSetChildDomain (26ms)
		EndReloadAssembly (675ms)
			LoadAssemblies (69ms)
			RebuildTransferFunctionScriptingTraits (0ms)
			SetupTypeCache (242ms)
			ReleaseScriptCaches (1ms)
			RebuildScriptCaches (34ms)
			SetupLoadedEditorAssemblies (245ms)
				LogAssemblyErrors (0ms)
				InitializePlatformSupportModulesInManaged (4ms)
				SetLoadedEditorAssemblies (0ms)
				RefreshPlugins (0ms)
				BeforeProcessingInitializeOnLoad (64ms)
				ProcessInitializeOnLoadAttributes (163ms)
				ProcessInitializeOnLoadMethodAttributes (7ms)
				AfterProcessingInitializeOnLoad (6ms)
				EditorAssembliesLoaded (0ms)
			ExecutionOrderSort2 (0ms)
			AwakeInstancesAfterBackupRestoration (6ms)
Platform modules already initialized, skipping
Refreshing native plugins compatible for Editor in 0.33 ms, found 2 plugins.
Preloading 0 native plugins for Editor in 0.00 ms.
Unloading 1529 Unused Serialized files (Serialized files now loaded: 0)
System memory in use before: 73.0 MB.
System memory in use after: 73.1 MB.

Unloading 14 unused Assets to reduce memory usage. Loaded Objects now: 2041.
Total: 2.573600 ms (FindLiveObjects: 0.140800 ms CreateObjectMapping: 0.039400 ms MarkObjects: 2.379800 ms  DeleteObjects: 0.012700 ms)

AssetImportParameters requested are different than current active one (requested -> active):
  custom:framework-win-MediaFoundation: 216162199b28c13a410421893ffa2e32 -> 
  custom:video-decoder-ogg-theora: a1e56fd34408186e4bbccfd4996cb3dc -> 
  custom:container-muxer-webm: aa71ff27fc2769a1b78a27578f13a17b -> 
  custom:container-demuxer-webm: 4f35f7cbe854078d1ac9338744f61a02 -> 
  custom:container-demuxer-ogg: 62fdf1f143b41e24485cea50d1cbac27 -> 
  custom:video-encoder-webm-vp8: eb34c28f22e8b96e1ab97ce403110664 -> 
  custom:video-decoder-webm-vp8: 9c59270c3fd7afecdb556c50c9e8de78 -> 
  custom:audio-decoder-ogg-vorbis: bf7c407c2cedff20999df2af8eb42d56 -> 
  custom:audio-encoder-webm-vorbis: bf7c407c2cedff20999df2af8eb42d56 -> 
========================================================================
Received Prepare
Refreshing native plugins compatible for Editor in 1.91 ms, found 2 plugins.
Preloading 0 native plugins for Editor in 0.00 ms.
Unloading 12 Unused Serialized files (Serialized files now loaded: 0)
System memory in use before: 43.0 MB.
System memory in use after: 43.1 MB.

Unloading 12 unused Assets to reduce memory usage. Loaded Objects now: 2041.
Total: 3.131100 ms (FindLiveObjects: 0.161000 ms CreateObjectMapping: 0.043800 ms MarkObjects: 2.915500 ms  DeleteObjects: 0.010100 ms)

AssetImportParameters requested are different than current active one (requested -> active):
  custom:framework-win-MediaFoundation: 216162199b28c13a410421893ffa2e32 -> 
  custom:video-decoder-ogg-theora: a1e56fd34408186e4bbccfd4996cb3dc -> 
  custom:container-muxer-webm: aa71ff27fc2769a1b78a27578f13a17b -> 
  custom:container-demuxer-webm: 4f35f7cbe854078d1ac9338744f61a02 -> 
  custom:container-demuxer-ogg: 62fdf1f143b41e24485cea50d1cbac27 -> 
  custom:video-encoder-webm-vp8: eb34c28f22e8b96e1ab97ce403110664 -> 
  custom:video-decoder-webm-vp8: 9c59270c3fd7afecdb556c50c9e8de78 -> 
  custom:audio-decoder-ogg-vorbis: bf7c407c2cedff20999df2af8eb42d56 -> 
  custom:audio-encoder-webm-vorbis: bf7c407c2cedff20999df2af8eb42d56 -> 
AssetImportWorkerClient::OnTransportError - code=2 error=End of file
